<?xml version='1.0' encoding='UTF-8'?>
<testsuite hostname="DESKTOP-06NF4AM" name="reductions.ParallelParenthesesBalancingSuite" tests="3" errors="0" failures="0" time="0.031">
                     <properties>
[...]
</properties>
                     <testcase classname="reductions.ParallelParenthesesBalancingSuite" name="balance should work for empty string" time="0.031">
                                                 
                                               </testcase><testcase classname="reductions.ParallelParenthesesBalancingSuite" name="balance should work for string of length 1" time="0.0">
                                                 
                                               </testcase><testcase classname="reductions.ParallelParenthesesBalancingSuite" name="balance should work for string of length 2" time="0.0">
                                                 
                                               </testcase>
                     <system-out></system-out>
                     <system-err></system-err>
                   </testsuite>